{"error":"Parâmetros ausentes: length ou idQueue","jobId":"3","level":"error","message":"Tarefa fracassada","service":"user-service","timestamp":"2024-12-24 11:55:03"}
{"error":"Parâmetros ausentes: length ou idQueue","jobId":"2","level":"error","message":"Tarefa fracassada","service":"user-service","timestamp":"2024-12-24 11:55:29"}
{"level":"info","message":"Tarefa finalizada","returnValue":"Processamento iniciado com sucesso.","service":"user-service","timestamp":"2024-12-24 11:56:11"}
{"level":"info","message":"Tarefa finalizada","returnValue":"Processamento iniciado com sucesso.","service":"user-service","timestamp":"2024-12-24 11:56:48"}
{"level":"info","message":"Tarefa finalizada","returnValue":"Processamento iniciado com sucesso.","service":"user-service","timestamp":"2024-12-24 11:56:48"}
{"level":"info","message":"Tarefa finalizada","returnValue":"Processamento iniciado com sucesso.","service":"user-service","timestamp":"2024-12-24 11:57:26"}
{"level":"info","message":"Tarefa finalizada","returnValue":"Processamento iniciado com sucesso.","service":"user-service","timestamp":"2024-12-24 11:58:11"}
{"level":"info","message":"Tarefa finalizada","returnValue":"Processamento iniciado com sucesso.","service":"user-service","timestamp":"2024-12-24 12:01:03"}
{"error":"empenhoValues is not defined","jobId":"2","level":"error","message":"Tarefa fracassada","service":"user-service","timestamp":"2024-12-24 12:04:56"}
{"error":"Queue.add is not a function","jobId":"3","level":"error","message":"Tarefa fracassada","service":"user-service","timestamp":"2024-12-24 12:05:13"}
{"level":"info","message":"Tarefa finalizada","returnValue":"Processamento iniciado com sucesso. 6d14f9b2-e8ef-4c54-9497-bdb010ad072f","service":"user-service","timestamp":"2024-12-24 12:07:59"}
{"level":"info","message":"Tarefa finalizada","returnValue":"Processamento iniciado com sucesso. fc72b005-714a-4e14-a2f8-a58d914039f5","service":"user-service","timestamp":"2024-12-24 12:10:42"}
{"level":"info","message":"Tarefa finalizada","returnValue":"Processamento iniciado com sucesso. 4907734b-1abf-48f0-bc81-5a85ff08734d","service":"user-service","timestamp":"2024-12-24 12:11:27"}
{"level":"info","message":"Tarefa finalizada","returnValue":"Processamento iniciado com sucesso. 19dbbdd1-8499-435c-b7b7-66e64a2868e9","service":"user-service","timestamp":"2024-12-24 12:12:06"}
{"level":"info","message":"Tarefa finalizada","returnValue":"Processamento iniciado com sucesso. 814841f9-ad9c-4edd-b128-bd79d7ef1c42","service":"user-service","timestamp":"2024-12-24 12:12:26"}
{"level":"info","message":"Tarefa finalizada","returnValue":"Processamento iniciado com sucesso. 1c3e8f1b-2640-41e8-a24e-d6dd4d0af810","service":"user-service","timestamp":"2024-12-24 12:12:42"}
{"level":"info","message":"Tarefa finalizada","returnValue":"Processamento iniciado com sucesso. 50f5b383-a397-4d5a-98a8-a95db416adaf","service":"user-service","timestamp":"2024-12-25 09:46:37"}
{"level":"info","message":"Tarefa finalizada","returnValue":"Processamento iniciado com sucesso. 5d420df6-2db2-4a26-8912-185ca91a7c19","service":"user-service","timestamp":"2024-12-25 09:47:43"}
{"level":"info","message":"Tarefa finalizada","returnValue":"Processados 0 itens com sucesso.","service":"user-service","timestamp":"2024-12-25 09:52:13"}
{"error":"data.splice is not a function","jobId":"2","level":"error","message":"Tarefa fracassada","service":"user-service","timestamp":"2024-12-25 09:57:41"}
{"error":"data.splice is not a function","jobId":"1","level":"error","message":"Tarefa fracassada","service":"user-service","timestamp":"2024-12-25 09:57:57"}
{"error":"Cannot read properties of undefined (reading 'numeroEmpenho')","jobId":"3","level":"error","message":"Tarefa fracassada","service":"user-service","timestamp":"2024-12-25 09:58:29"}
{"error":"Cannot read properties of undefined (reading 'numeroEmpenho')","jobId":"4","level":"error","message":"Tarefa fracassada","service":"user-service","timestamp":"2024-12-25 09:59:05"}
{"error":"Cannot read properties of undefined (reading 'numeroEmpenho')","jobId":"5","level":"error","message":"Tarefa fracassada","service":"user-service","timestamp":"2024-12-25 09:59:56"}
{"error":"Cannot read properties of undefined (reading 'numeroEmpenho')","jobId":"6","level":"error","message":"Tarefa fracassada","service":"user-service","timestamp":"2024-12-25 10:00:56"}
{"error":"Cannot read properties of undefined (reading 'numeroEmpenho')","jobId":"7","level":"error","message":"Tarefa fracassada","service":"user-service","timestamp":"2024-12-25 10:01:44"}
{"error":"Cannot read properties of undefined (reading 'numeroEmpenho')","jobId":"8","level":"error","message":"Tarefa fracassada","service":"user-service","timestamp":"2024-12-25 10:02:23"}
{"level":"info","message":"Tarefa finalizada","returnValue":"Processados 551 itens com sucesso.","service":"user-service","timestamp":"2024-12-25 10:05:07"}
{"level":"info","message":"Tarefa finalizada","returnValue":"Processados 551 itens com sucesso.","service":"user-service","timestamp":"2024-12-25 10:15:36"}
{"level":"info","message":"Tarefa finalizada","returnValue":"Processados 551 itens com sucesso.","service":"user-service","timestamp":"2024-12-25 10:18:38"}
{"error":"historico is not defined","jobId":"12","level":"error","message":"Tarefa fracassada","service":"user-service","timestamp":"2024-12-25 10:22:19"}
{"error":"job stalled more than allowable limit","jobId":"1","level":"error","message":"Tarefa fracassada","service":"user-service","timestamp":"2024-12-25 10:30:26"}
{"error":"job stalled more than allowable limit","jobId":"2","level":"error","message":"Tarefa fracassada","service":"user-service","timestamp":"2024-12-25 10:34:08"}
{"level":"info","message":"Tarefa finalizada","returnValue":"Processados 551 itens com sucesso.","service":"user-service","timestamp":"2024-12-25 10:52:46"}
{"error":"Dynamic SQL Error, SQL error code = -104, Unexpected end of command- line -1153445872, column 32094","jobId":"4","level":"error","message":"Tarefa fracassada","service":"user-service","timestamp":"2024-12-25 11:12:12"}
{"level":"info","message":"Tarefa finalizada","returnValue":"Processamento iniciado com sucesso. 7c540109-7301-4cf8-a6b2-52c419d4d168","service":"user-service","timestamp":"2024-12-25 11:15:03"}
{"level":"info","message":"Tarefa finalizada","returnValue":"Processados 550 itens com sucesso.","service":"user-service","timestamp":"2024-12-25 11:53:51"}
{"level":"info","message":"Tarefa finalizada","returnValue":"Processamento iniciado com sucesso. c19867f9-af7d-41a4-b7e1-37aabada470e","service":"user-service","timestamp":"2024-12-25 12:11:59"}
{"level":"info","message":"Tarefa finalizada","returnValue":"Processamento iniciado com sucesso. df9cea68-595f-4a12-90e2-0e70e0519a40","service":"user-service","timestamp":"2024-12-25 12:12:39"}
{"level":"info","message":"Tarefa finalizada","returnValue":"Processamento iniciado com sucesso. 837027c5-2390-41bd-8c30-12f9bcfeba5c","service":"user-service","timestamp":"2024-12-25 12:13:24"}
{"level":"info","message":"Tarefa finalizada","returnValue":"Processamento iniciado com sucesso. 31a82b3f-5e63-47c0-822d-9c0db1804c54","service":"user-service","timestamp":"2024-12-25 15:24:50"}
{"level":"info","message":"Tarefa finalizada","returnValue":"Processados 397 itens com sucesso.","service":"user-service","timestamp":"2024-12-25 15:37:28"}
{"level":"info","message":"Tarefa finalizada","returnValue":"Processamento iniciado com sucesso. 4995edfe-c925-46e9-ba56-ded5542cff02","service":"user-service","timestamp":"2024-12-25 15:40:06"}
{"level":"info","message":"Tarefa finalizada","returnValue":"Processamento iniciado com sucesso. 0d08bf2f-fb0e-4bea-a4fd-999f2ce37ca1","service":"user-service","timestamp":"2024-12-25 15:42:36"}
{"level":"info","message":"Tarefa finalizada","returnValue":"Processados 397 itens com sucesso.","service":"user-service","timestamp":"2024-12-25 15:54:21"}
{"level":"info","message":"Tarefa finalizada","returnValue":"Processamento iniciado com sucesso. 65955dfb-11b0-457e-832b-f79c4d5f0ba7","service":"user-service","timestamp":"2024-12-25 16:15:30"}
{"level":"info","message":"Tarefa finalizada","returnValue":"Processamento iniciado com sucesso. e8fcd0e6-1c30-4941-b889-ce3549673354","service":"user-service","timestamp":"2024-12-25 16:17:01"}
{"level":"info","message":"Tarefa finalizada","returnValue":"Processamento iniciado com sucesso. 0e293b32-3289-4fc2-bbeb-c56eb2af09dd","service":"user-service","timestamp":"2024-12-25 16:40:26"}
{"level":"info","message":"Tarefa finalizada","returnValue":"Processamento iniciado com sucesso. 0e293b32-3289-4fc2-bbeb-c56eb2af09dd","service":"user-service","timestamp":"2024-12-25 16:40:27"}
{"error":"Cannot read properties of undefined (reading 'splice')","jobId":"1","level":"error","message":"Tarefa fracassada","service":"user-service","timestamp":"2024-12-25 16:40:33"}
{"level":"info","message":"Tarefa finalizada","returnValue":"Processamento iniciado com sucesso. 4a7451ac-8f4c-49d7-8514-f66746a8af3a","service":"user-service","timestamp":"2024-12-25 16:43:46"}
{"level":"info","message":"Tarefa finalizada","returnValue":"Processamento iniciado com sucesso. 4a7451ac-8f4c-49d7-8514-f66746a8af3a","service":"user-service","timestamp":"2024-12-25 16:43:47"}
{"error":"Cannot read properties of undefined (reading 'splice')","jobId":"1","level":"error","message":"Tarefa fracassada","service":"user-service","timestamp":"2024-12-25 16:43:50"}
{"level":"info","message":"Tarefa finalizada","returnValue":"Processamento iniciado com sucesso. 5b73b8e1-0871-4e6a-9bf7-63fb709e5063","service":"user-service","timestamp":"2024-12-25 16:45:11"}
{"level":"info","message":"Tarefa finalizada","returnValue":"Processamento iniciado com sucesso. 5b73b8e1-0871-4e6a-9bf7-63fb709e5063","service":"user-service","timestamp":"2024-12-25 16:45:11"}
{"error":"Cannot read properties of undefined (reading 'splice')","jobId":"1","level":"error","message":"Tarefa fracassada","service":"user-service","timestamp":"2024-12-25 16:45:21"}
{"level":"info","message":"Tarefa finalizada","returnValue":"Processamento iniciado com sucesso. 93577c1d-889e-4854-b44e-4528bfc75887","service":"user-service","timestamp":"2024-12-25 16:47:23"}
{"error":"Cannot read properties of undefined (reading 'splice')","jobId":"1","level":"error","message":"Tarefa fracassada","service":"user-service","timestamp":"2024-12-25 16:47:24"}
{"level":"info","message":"Tarefa finalizada","returnValue":"Processamento iniciado com sucesso. 701768af-25c0-40f8-a8f7-951d7819c4d5","service":"user-service","timestamp":"2024-12-25 16:48:28"}
{"level":"info","message":"Tarefa finalizada","returnValue":"Processamento iniciado com sucesso. 701768af-25c0-40f8-a8f7-951d7819c4d5","service":"user-service","timestamp":"2024-12-25 16:48:29"}
{"error":"Cannot read properties of undefined (reading 'splice')","jobId":"1","level":"error","message":"Tarefa fracassada","service":"user-service","timestamp":"2024-12-25 16:48:29"}
{"level":"info","message":"Tarefa finalizada","returnValue":"Processamento iniciado com sucesso. 1279f920-5d21-44a3-8f89-e8f2f3061b0e","service":"user-service","timestamp":"2024-12-25 16:51:16"}
{"level":"info","message":"Tarefa finalizada","returnValue":"Processamento iniciado com sucesso. 1279f920-5d21-44a3-8f89-e8f2f3061b0e","service":"user-service","timestamp":"2024-12-25 16:51:17"}
{"level":"info","message":"Tarefa finalizada","returnValue":"Processados 118 itens com sucesso.","service":"user-service","timestamp":"2024-12-25 16:54:37"}
{"level":"info","message":"Tarefa finalizada","returnValue":"Processados 397 itens com sucesso.","service":"user-service","timestamp":"2024-12-25 17:04:11"}
{"level":"info","message":"Tarefa finalizada","returnValue":"Processamento iniciado com sucesso. bf04974d-aa84-4112-bdd5-8b87e4b713ca","service":"user-service","timestamp":"2024-12-25 17:05:16"}
{"level":"info","message":"Tarefa finalizada","returnValue":"Processamento iniciado com sucesso. bf04974d-aa84-4112-bdd5-8b87e4b713ca","service":"user-service","timestamp":"2024-12-25 17:05:17"}
{"level":"info","message":"Tarefa finalizada","returnValue":"Processados 118 itens com sucesso.","service":"user-service","timestamp":"2024-12-25 17:08:19"}
{"level":"info","message":"Tarefa finalizada","returnValue":"Processados 397 itens com sucesso.","service":"user-service","timestamp":"2024-12-25 17:16:41"}
{"level":"info","message":"Tarefa finalizada","returnValue":"Processamento iniciado com sucesso. dc8ab882-2f0a-4963-a2df-4bac40b7ade0","service":"user-service","timestamp":"2024-12-26 09:32:07"}
{"level":"info","message":"Tarefa finalizada","returnValue":"Processados 190 itens com sucesso.","service":"user-service","timestamp":"2024-12-26 09:37:03"}
{"level":"info","message":"Tarefa finalizada","returnValue":"Processamento iniciado com sucesso. 15a9152c-8505-4cf5-8376-355c7e65f38d","service":"user-service","timestamp":"2024-12-26 09:38:05"}
{"level":"info","message":"Tarefa finalizada","returnValue":"Processamento iniciado com sucesso. 15a9152c-8505-4cf5-8376-355c7e65f38d","service":"user-service","timestamp":"2024-12-26 09:38:06"}
{"level":"info","message":"Tarefa finalizada","returnValue":"Processamento iniciado com sucesso. fbe17bfd-d37c-4605-8340-aade6c3c222a","service":"user-service","timestamp":"2024-12-26 09:45:41"}
{"level":"info","message":"Tarefa finalizada","returnValue":"Processamento iniciado com sucesso. fbe17bfd-d37c-4605-8340-aade6c3c222a","service":"user-service","timestamp":"2024-12-26 09:45:41"}
{"level":"info","message":"Tarefa finalizada","returnValue":"Processados 190 itens com sucesso.","service":"user-service","timestamp":"2024-12-26 09:50:44"}
{"level":"info","message":"Tarefa finalizada","returnValue":"Processados 397 itens com sucesso.","service":"user-service","timestamp":"2024-12-26 09:58:13"}
{"level":"info","message":"Tarefa finalizada","returnValue":"Processamento iniciado com sucesso. 070ed2f3-0e02-4350-b7b6-fa7aad3f524a","service":"user-service","timestamp":"2024-12-26 10:15:44"}
{"level":"info","message":"Tarefa finalizada","returnValue":"Processamento iniciado com sucesso. 070ed2f3-0e02-4350-b7b6-fa7aad3f524a","service":"user-service","timestamp":"2024-12-26 10:15:44"}
{"level":"info","message":"Tarefa finalizada","returnValue":"Processamento iniciado com sucesso. 943c9e0a-6006-4e62-b50d-08d7c38548af","service":"user-service","timestamp":"2024-12-26 10:17:01"}
{"level":"info","message":"Tarefa finalizada","returnValue":"Processamento iniciado com sucesso. 943c9e0a-6006-4e62-b50d-08d7c38548af","service":"user-service","timestamp":"2024-12-26 10:17:02"}
{"level":"info","message":"Tarefa finalizada","returnValue":"Processamento iniciado com sucesso. a9b6ba19-ab9a-4df3-bbb7-81b26aca6615","service":"user-service","timestamp":"2024-12-26 10:18:08"}
{"level":"info","message":"Tarefa finalizada","returnValue":"Processamento iniciado com sucesso. a9b6ba19-ab9a-4df3-bbb7-81b26aca6615","service":"user-service","timestamp":"2024-12-26 10:18:08"}
{"error":"read ECONNRESET","level":"error","message":"Erro na fila","queue":"InsertItensEmpenho","service":"user-service","timestamp":"2024-12-26 10:18:52"}
{"error":"read ECONNRESET","level":"error","message":"Erro na fila","queue":"NewQueue","service":"user-service","timestamp":"2024-12-26 10:18:52"}
{"error":"read ECONNRESET","level":"error","message":"Erro na fila","queue":"InsertItensRetencao","service":"user-service","timestamp":"2024-12-26 10:18:52"}
{"error":"read ECONNRESET","level":"error","message":"Erro na fila","queue":"NewQueue","service":"user-service","timestamp":"2024-12-26 10:18:53"}
{"error":"connect ETIMEDOUT","level":"error","message":"Erro na fila","queue":"InsertItensEmpenho","service":"user-service","timestamp":"2024-12-26 10:19:02"}
{"error":"connect ETIMEDOUT","level":"error","message":"Erro na fila","queue":"NewQueue","service":"user-service","timestamp":"2024-12-26 10:19:02"}
{"error":"connect ETIMEDOUT","level":"error","message":"Erro na fila","queue":"InsertItensRetencao","service":"user-service","timestamp":"2024-12-26 10:19:02"}
{"error":"connect ETIMEDOUT","level":"error","message":"Erro na fila","queue":"NewQueue","service":"user-service","timestamp":"2024-12-26 10:19:03"}
{"level":"info","message":"Tarefa finalizada","returnValue":"Processados 19 itens com sucesso.","service":"user-service","timestamp":"2024-12-26 10:22:19"}
{"level":"info","message":"Tarefa finalizada","returnValue":"Processamento iniciado com sucesso. b14bce12-0f5f-4367-917e-06270209397b","service":"user-service","timestamp":"2024-12-26 10:24:11"}
{"level":"info","message":"Tarefa finalizada","returnValue":"Processamento iniciado com sucesso. b14bce12-0f5f-4367-917e-06270209397b","service":"user-service","timestamp":"2024-12-26 10:24:12"}
{"error":"read ECONNRESET","level":"error","message":"Erro na fila","queue":"NewQueue","service":"user-service","timestamp":"2024-12-26 10:25:22"}
{"error":"read ECONNRESET","level":"error","message":"Erro na fila","queue":"InsertItensEmpenho","service":"user-service","timestamp":"2024-12-26 10:25:25"}
{"error":"read ECONNRESET","level":"error","message":"Erro na fila","queue":"NewQueue","service":"user-service","timestamp":"2024-12-26 10:25:25"}
{"error":"read ECONNRESET","level":"error","message":"Erro na fila","queue":"InsertItensRetencao","service":"user-service","timestamp":"2024-12-26 10:25:25"}
{"error":"connect ETIMEDOUT","level":"error","message":"Erro na fila","queue":"NewQueue","service":"user-service","timestamp":"2024-12-26 10:25:32"}
{"error":"connect ETIMEDOUT","level":"error","message":"Erro na fila","queue":"InsertItensEmpenho","service":"user-service","timestamp":"2024-12-26 10:25:35"}
{"error":"connect ETIMEDOUT","level":"error","message":"Erro na fila","queue":"NewQueue","service":"user-service","timestamp":"2024-12-26 10:25:35"}
{"error":"connect ETIMEDOUT","level":"error","message":"Erro na fila","queue":"InsertItensRetencao","service":"user-service","timestamp":"2024-12-26 10:25:35"}
{"error":"connect ETIMEDOUT","level":"error","message":"Erro na fila","queue":"NewQueue","service":"user-service","timestamp":"2024-12-26 10:25:43"}
{"error":"Missing lock for job 1 failed","level":"error","message":"Erro na fila","queue":"InsertItensRetencao","service":"user-service","timestamp":"2024-12-26 10:26:15"}
{"level":"info","message":"Tarefa finalizada","returnValue":"Processados 19 itens com sucesso.","service":"user-service","timestamp":"2024-12-26 10:29:33"}
{"level":"info","message":"Tarefa finalizada","returnValue":"Processados 46 itens com sucesso.","service":"user-service","timestamp":"2024-12-26 10:34:37"}
{"level":"info","message":"Tarefa finalizada","returnValue":"Processamento iniciado com sucesso. 330ae67b-1610-454a-8a4c-ebfd52dda006","service":"user-service","timestamp":"2024-12-26 10:39:14"}
{"level":"info","message":"Tarefa finalizada","returnValue":"Processamento iniciado com sucesso. 330ae67b-1610-454a-8a4c-ebfd52dda006","service":"user-service","timestamp":"2024-12-26 10:39:14"}
{"level":"info","message":"Tarefa finalizada","returnValue":"Processamento iniciado com sucesso. 7b904c17-ce2c-4195-ae28-985e8a3f52ff","service":"user-service","timestamp":"2024-12-26 10:45:27"}
{"level":"info","message":"Tarefa finalizada","returnValue":"Processamento iniciado com sucesso. 7b904c17-ce2c-4195-ae28-985e8a3f52ff","service":"user-service","timestamp":"2024-12-26 10:45:28"}
{"level":"info","message":"Tarefa finalizada","returnValue":"Processados 18 itens com sucesso.","service":"user-service","timestamp":"2024-12-26 10:48:18"}
{"level":"info","message":"Tarefa finalizada","returnValue":"Processamento iniciado com sucesso. c55e4e3b-63ad-45aa-8e3a-b3d1f692ce9e","service":"user-service","timestamp":"2024-12-26 10:52:35"}
{"level":"info","message":"Tarefa finalizada","returnValue":"Processamento iniciado com sucesso. 07d41c83-3105-48a0-bf52-45e05615d737","service":"user-service","timestamp":"2024-12-26 10:54:10"}
{"level":"info","message":"Tarefa finalizada","returnValue":"Processamento iniciado com sucesso. 07d41c83-3105-48a0-bf52-45e05615d737","service":"user-service","timestamp":"2024-12-26 10:54:10"}
{"level":"info","message":"Tarefa finalizada","returnValue":"Processamento iniciado com sucesso. da098717-bb0b-499f-9b1c-4bac5b459a50","service":"user-service","timestamp":"2024-12-26 10:56:43"}
{"level":"info","message":"Tarefa finalizada","returnValue":"Processamento iniciado com sucesso. 750abcc6-3cc0-408c-a49b-2ca7f20d12c6","service":"user-service","timestamp":"2024-12-26 10:59:39"}
{"level":"info","message":"Tarefa finalizada","returnValue":"Processamento iniciado com sucesso. 750abcc6-3cc0-408c-a49b-2ca7f20d12c6","service":"user-service","timestamp":"2024-12-26 10:59:40"}
{"level":"info","message":"Tarefa finalizada","returnValue":"Processados 19 itens com sucesso.","service":"user-service","timestamp":"2024-12-26 11:00:08"}
{"error":"Deadlock, Update conflicts with concurrent update, Concurrent transaction number is 17687","jobId":"1","level":"error","message":"Tarefa fracassada","service":"user-service","timestamp":"2024-12-26 11:00:11"}
{"level":"info","message":"Tarefa finalizada","returnValue":"Processamento iniciado com sucesso. ed59089b-8a24-44a2-8783-253376fb4fbb","service":"user-service","timestamp":"2024-12-26 11:02:52"}
{"level":"info","message":"Tarefa finalizada","returnValue":"Processamento iniciado com sucesso. ed59089b-8a24-44a2-8783-253376fb4fbb","service":"user-service","timestamp":"2024-12-26 11:02:53"}
{"level":"info","message":"Tarefa finalizada","returnValue":"Processados 46 itens com sucesso.","service":"user-service","timestamp":"2024-12-26 11:03:27"}
{"level":"info","message":"Tarefa finalizada","returnValue":"Processamento iniciado com sucesso.","service":"user-service","timestamp":"2024-12-26 11:05:39"}
{"level":"info","message":"Tarefa finalizada","returnValue":"Processamento iniciado com sucesso.","service":"user-service","timestamp":"2024-12-26 11:05:39"}
{"level":"info","message":"Tarefa finalizada","returnValue":"Processamento iniciado com sucesso.","service":"user-service","timestamp":"2024-12-26 11:06:47"}
{"level":"info","message":"Tarefa finalizada","returnValue":"Processamento iniciado com sucesso.","service":"user-service","timestamp":"2024-12-26 11:06:47"}
{"level":"info","message":"Tarefa finalizada","returnValue":"Processamento iniciado com sucesso.","service":"user-service","timestamp":"2024-12-26 11:08:02"}
{"level":"info","message":"Tarefa finalizada","returnValue":"Processamento iniciado com sucesso.","service":"user-service","timestamp":"2024-12-26 11:08:03"}
{"level":"info","message":"Tarefa finalizada","returnValue":"Processados 19 itens com sucesso.","service":"user-service","timestamp":"2024-12-26 11:08:18"}
{"level":"info","message":"Tarefa finalizada","returnValue":"Processados 46 itens com sucesso.","service":"user-service","timestamp":"2024-12-26 11:08:32"}
{"level":"info","message":"Tarefa finalizada","returnValue":"Processamento iniciado com sucesso.","service":"user-service","timestamp":"2024-12-26 11:10:25"}
{"level":"info","message":"Tarefa finalizada","returnValue":"Processamento iniciado com sucesso.","service":"user-service","timestamp":"2024-12-26 11:10:25"}
{"level":"info","message":"Tarefa finalizada","returnValue":"Processados 19 itens com sucesso.","service":"user-service","timestamp":"2024-12-26 11:10:39"}
{"level":"info","message":"Tarefa finalizada","returnValue":"Processados 46 itens com sucesso.","service":"user-service","timestamp":"2024-12-26 11:13:24"}
{"level":"info","message":"Tarefa finalizada","returnValue":"Processamento iniciado com sucesso.","service":"user-service","timestamp":"2024-12-26 11:16:37"}
{"level":"info","message":"Tarefa finalizada","returnValue":"Processamento iniciado com sucesso.","service":"user-service","timestamp":"2024-12-26 11:16:38"}
{"level":"info","message":"Tarefa finalizada","returnValue":"Processados 19 itens com sucesso.","service":"user-service","timestamp":"2024-12-26 11:16:59"}
{"level":"info","message":"Tarefa finalizada","returnValue":"Processados 46 itens com sucesso.","service":"user-service","timestamp":"2024-12-26 11:17:16"}
{"level":"info","message":"Tarefa finalizada","returnValue":"Processamento iniciado com sucesso.","service":"user-service","timestamp":"2024-12-26 11:17:31"}
{"level":"info","message":"Tarefa finalizada","returnValue":"Processamento iniciado com sucesso.","service":"user-service","timestamp":"2024-12-26 11:17:31"}
{"level":"info","message":"Tarefa finalizada","returnValue":"Processados 46 itens com sucesso.","service":"user-service","timestamp":"2024-12-26 11:18:00"}
{"level":"info","message":"Tarefa finalizada","returnValue":"Processamento iniciado com sucesso.","service":"user-service","timestamp":"2024-12-26 11:24:04"}
{"level":"info","message":"Tarefa finalizada","returnValue":"Processamento iniciado com sucesso.","service":"user-service","timestamp":"2024-12-26 11:24:05"}
{"level":"info","message":"Tarefa finalizada","returnValue":"Processados 46 itens com sucesso.","service":"user-service","timestamp":"2024-12-26 11:24:31"}
{"level":"info","message":"Tarefa finalizada","returnValue":"Processados 19 itens com sucesso.","service":"user-service","timestamp":"2024-12-26 11:25:44"}
{"level":"info","message":"Tarefa finalizada","returnValue":"Processamento iniciado com sucesso.","service":"user-service","timestamp":"2024-12-26 11:27:11"}
{"level":"info","message":"Tarefa finalizada","returnValue":"Processamento iniciado com sucesso.","service":"user-service","timestamp":"2024-12-26 11:27:12"}
{"level":"info","message":"Tarefa finalizada","returnValue":"Processados 19 itens com sucesso.","service":"user-service","timestamp":"2024-12-26 11:27:27"}
{"level":"info","message":"Tarefa finalizada","returnValue":"Processados 46 itens com sucesso.","service":"user-service","timestamp":"2024-12-26 11:27:45"}
{"level":"info","message":"Tarefa finalizada","returnValue":"Processamento iniciado com sucesso.","service":"user-service","timestamp":"2024-12-26 11:36:27"}
{"level":"info","message":"Tarefa finalizada","returnValue":"Processamento iniciado com sucesso.","service":"user-service","timestamp":"2024-12-26 11:36:28"}
{"level":"info","message":"Tarefa finalizada","returnValue":"Processados 19 itens com sucesso.","service":"user-service","timestamp":"2024-12-26 11:36:43"}
{"level":"info","message":"Tarefa finalizada","returnValue":"Processamento iniciado com sucesso.","service":"user-service","timestamp":"2024-12-26 11:37:57"}
{"level":"info","message":"Tarefa finalizada","returnValue":"Processamento iniciado com sucesso.","service":"user-service","timestamp":"2024-12-26 11:37:57"}
{"level":"info","message":"Tarefa finalizada","returnValue":"Processados 19 itens com sucesso.","service":"user-service","timestamp":"2024-12-26 11:38:14"}
{"level":"info","message":"Tarefa finalizada","returnValue":"Processados 46 itens com sucesso.","service":"user-service","timestamp":"2024-12-26 11:38:28"}
{"level":"info","message":"Tarefa finalizada","returnValue":"Processamento iniciado com sucesso.","service":"user-service","timestamp":"2024-12-26 11:39:06"}
{"level":"info","message":"Tarefa finalizada","returnValue":"Processamento iniciado com sucesso.","service":"user-service","timestamp":"2024-12-26 11:39:07"}
{"level":"info","message":"Tarefa finalizada","returnValue":"Processados 19 itens com sucesso.","service":"user-service","timestamp":"2024-12-26 11:39:23"}
{"level":"info","message":"Tarefa finalizada","returnValue":"Processamento iniciado com sucesso.","service":"user-service","timestamp":"2024-12-26 11:40:03"}
{"level":"info","message":"Tarefa finalizada","returnValue":"Processamento iniciado com sucesso.","service":"user-service","timestamp":"2024-12-26 11:40:03"}
{"level":"info","message":"Tarefa finalizada","returnValue":"Processados 19 itens com sucesso.","service":"user-service","timestamp":"2024-12-26 11:40:23"}
{"level":"info","message":"Tarefa finalizada","returnValue":"Processados 46 itens com sucesso.","service":"user-service","timestamp":"2024-12-26 11:42:14"}
{"level":"info","message":"Tarefa finalizada","returnValue":"Processados 46 itens com sucesso.","service":"user-service","timestamp":"2024-12-26 11:43:17"}
{"level":"info","message":"Tarefa finalizada","returnValue":"Processamento iniciado com sucesso.","service":"user-service","timestamp":"2024-12-26 11:43:46"}
{"level":"info","message":"Tarefa finalizada","returnValue":"Processamento iniciado com sucesso.","service":"user-service","timestamp":"2024-12-26 11:43:46"}
{"error":"Promise timed out after 1000 milliseconds","jobId":"4","level":"error","message":"Tarefa fracassada","service":"user-service","timestamp":"2024-12-26 11:43:46"}
{"error":"Promise timed out after 1000 milliseconds","jobId":"4","level":"error","message":"Tarefa fracassada","service":"user-service","timestamp":"2024-12-26 11:43:48"}
{"error":"Promise timed out after 1000 milliseconds","jobId":"4","level":"error","message":"Tarefa fracassada","service":"user-service","timestamp":"2024-12-26 11:43:50"}
{"error":"Promise timed out after 1000 milliseconds","jobId":"4","level":"error","message":"Tarefa fracassada","service":"user-service","timestamp":"2024-12-26 11:43:50"}
{"error":"Promise timed out after 1000 milliseconds","jobId":"4","level":"error","message":"Tarefa fracassada","service":"user-service","timestamp":"2024-12-26 11:43:51"}
{"error":"Promise timed out after 1000 milliseconds","jobId":"4","level":"error","message":"Tarefa fracassada","service":"user-service","timestamp":"2024-12-26 11:43:52"}
{"error":"Promise timed out after 1000 milliseconds","jobId":"4","level":"error","message":"Tarefa fracassada","service":"user-service","timestamp":"2024-12-26 11:43:53"}
{"error":"Promise timed out after 1000 milliseconds","jobId":"4","level":"error","message":"Tarefa fracassada","service":"user-service","timestamp":"2024-12-26 11:43:54"}
{"error":"Promise timed out after 1000 milliseconds","jobId":"4","level":"error","message":"Tarefa fracassada","service":"user-service","timestamp":"2024-12-26 11:43:55"}
{"level":"info","message":"Tarefa finalizada","returnValue":"Processamento iniciado com sucesso.","service":"user-service","timestamp":"2024-12-26 11:45:00"}
{"level":"info","message":"Tarefa finalizada","returnValue":"Processamento iniciado com sucesso.","service":"user-service","timestamp":"2024-12-26 11:45:00"}
{"level":"info","message":"Tarefa finalizada","returnValue":"Processados 19 itens com sucesso.","service":"user-service","timestamp":"2024-12-26 11:45:14"}
{"level":"info","message":"Tarefa finalizada","returnValue":"Processados 46 itens com sucesso.","service":"user-service","timestamp":"2024-12-26 11:45:33"}
{"level":"info","message":"Tarefa finalizada","returnValue":"Processamento iniciado com sucesso.","service":"user-service","timestamp":"2024-12-26 11:48:18"}
{"level":"info","message":"Tarefa finalizada","returnValue":"Processamento iniciado com sucesso.","service":"user-service","timestamp":"2024-12-26 11:48:19"}
{"level":"info","message":"Tarefa finalizada","returnValue":"Processados 19 itens com sucesso.","service":"user-service","timestamp":"2024-12-26 11:48:42"}
{"level":"info","message":"Tarefa finalizada","returnValue":"Processados 46 itens com sucesso.","service":"user-service","timestamp":"2024-12-26 11:48:52"}
{"level":"info","message":"Tarefa finalizada","returnValue":"Processamento iniciado com sucesso.","service":"user-service","timestamp":"2024-12-26 11:49:15"}
{"level":"info","message":"Tarefa finalizada","returnValue":"Processamento iniciado com sucesso.","service":"user-service","timestamp":"2024-12-26 11:49:15"}
{"level":"info","message":"Tarefa finalizada","returnValue":"Processados 190 itens com sucesso.","service":"user-service","timestamp":"2024-12-26 11:51:20"}
{"level":"info","message":"Tarefa finalizada","returnValue":"Processamento iniciado com sucesso.","service":"user-service","timestamp":"2024-12-26 11:56:41"}
{"level":"info","message":"Tarefa finalizada","returnValue":"Processamento iniciado com sucesso.","service":"user-service","timestamp":"2024-12-26 11:56:42"}
{"level":"info","message":"Tarefa finalizada","returnValue":"Processados 190 itens com sucesso.","service":"user-service","timestamp":"2024-12-26 11:58:57"}
{"level":"info","message":"Tarefa finalizada","returnValue":"Processados 397 itens com sucesso.","service":"user-service","timestamp":"2024-12-26 12:01:27"}
{"level":"info","message":"Tarefa finalizada","returnValue":"Processamento iniciado com sucesso.","service":"user-service","timestamp":"2024-12-26 12:02:04"}
{"level":"info","message":"Tarefa finalizada","returnValue":"Processamento iniciado com sucesso.","service":"user-service","timestamp":"2024-12-26 12:02:05"}
{"level":"info","message":"Tarefa finalizada","returnValue":"Processados 46 itens com sucesso.","service":"user-service","timestamp":"2024-12-26 12:02:33"}
{"level":"info","message":"Tarefa finalizada","returnValue":"Processamento iniciado com sucesso.","service":"user-service","timestamp":"2024-12-26 12:05:49"}
{"level":"info","message":"Tarefa finalizada","returnValue":"Processamento iniciado com sucesso.","service":"user-service","timestamp":"2024-12-26 12:05:50"}
{"level":"info","message":"Tarefa finalizada","returnValue":"Processados 19 itens com sucesso.","service":"user-service","timestamp":"2024-12-26 12:06:07"}
{"level":"info","message":"Tarefa finalizada","returnValue":"Processados 46 itens com sucesso.","service":"user-service","timestamp":"2024-12-26 12:06:18"}
{"level":"info","message":"Tarefa finalizada","returnValue":"Processados 190 itens com sucesso.","service":"user-service","timestamp":"2024-12-26 12:09:00"}
{"level":"info","message":"Tarefa finalizada","returnValue":"Processados 397 itens com sucesso.","service":"user-service","timestamp":"2024-12-26 12:11:09"}
{"level":"info","message":"Tarefa finalizada","returnValue":"Processamento iniciado com sucesso.","service":"user-service","timestamp":"2024-12-26 12:12:27"}
{"level":"info","message":"Tarefa finalizada","returnValue":"Processamento iniciado com sucesso.","service":"user-service","timestamp":"2024-12-26 12:12:28"}
{"level":"info","message":"Tarefa finalizada","returnValue":"Processamento iniciado com sucesso.","service":"user-service","timestamp":"2024-12-26 12:12:28"}
{"level":"info","message":"Tarefa finalizada","returnValue":"Processamento iniciado com sucesso.","service":"user-service","timestamp":"2024-12-26 12:14:10"}
{"level":"info","message":"Tarefa finalizada","returnValue":"Processamento iniciado com sucesso.","service":"user-service","timestamp":"2024-12-26 12:14:10"}
{"level":"info","message":"Tarefa finalizada","returnValue":"Processamento iniciado com sucesso.","service":"user-service","timestamp":"2024-12-26 12:16:24"}
{"level":"info","message":"Tarefa finalizada","returnValue":"Processamento iniciado com sucesso.","service":"user-service","timestamp":"2024-12-26 12:16:24"}
{"level":"info","message":"Tarefa finalizada","returnValue":"Processados 190 itens com sucesso.","service":"user-service","timestamp":"2024-12-26 12:18:29"}
{"level":"info","message":"Tarefa finalizada","returnValue":"Processados 397 itens com sucesso.","service":"user-service","timestamp":"2024-12-26 12:21:03"}
{"level":"info","message":"Tarefa finalizada","returnValue":"Processamento iniciado com sucesso.","service":"user-service","timestamp":"2024-12-26 12:22:31"}
{"level":"info","message":"Tarefa finalizada","returnValue":"Processamento iniciado com sucesso.","service":"user-service","timestamp":"2024-12-26 12:22:32"}
{"level":"info","message":"Tarefa finalizada","returnValue":"Processados 19 itens com sucesso.","service":"user-service","timestamp":"2024-12-26 12:22:51"}
{"level":"info","message":"Tarefa finalizada","returnValue":"Processados 46 itens com sucesso.","service":"user-service","timestamp":"2024-12-26 12:23:08"}
{"level":"info","message":"Tarefa finalizada","returnValue":"Processamento iniciado com sucesso.","service":"user-service","timestamp":"2024-12-26 12:23:53"}
{"level":"info","message":"Tarefa finalizada","returnValue":"Processamento iniciado com sucesso.","service":"user-service","timestamp":"2024-12-26 12:23:53"}
{"level":"info","message":"Tarefa finalizada","returnValue":"Processados 296 itens com sucesso.","service":"user-service","timestamp":"2024-12-26 12:27:26"}
{"level":"info","message":"Tarefa finalizada","returnValue":"Processados 551 itens com sucesso.","service":"user-service","timestamp":"2024-12-26 12:30:36"}
{"level":"info","message":"Tarefa finalizada","returnValue":"Processamento iniciado com sucesso.","service":"user-service","timestamp":"2024-12-26 12:32:54"}
{"level":"info","message":"Tarefa finalizada","returnValue":"Processamento iniciado com sucesso.","service":"user-service","timestamp":"2024-12-26 12:32:54"}
{"level":"info","message":"Tarefa finalizada","returnValue":"Processados 5 itens com sucesso.","service":"user-service","timestamp":"2024-12-26 12:33:01"}
{"level":"info","message":"Tarefa finalizada","returnValue":"Processados 35 itens com sucesso.","service":"user-service","timestamp":"2024-12-26 12:33:16"}
{"level":"info","message":"Tarefa finalizada","returnValue":"Processamento iniciado com sucesso.","service":"user-service","timestamp":"2024-12-26 12:33:28"}
{"level":"info","message":"Tarefa finalizada","returnValue":"Processamento iniciado com sucesso.","service":"user-service","timestamp":"2024-12-26 12:33:28"}
{"level":"info","message":"Tarefa finalizada","returnValue":"Processados 19 itens com sucesso.","service":"user-service","timestamp":"2024-12-26 12:33:44"}
{"level":"info","message":"Tarefa finalizada","returnValue":"Processamento iniciado com sucesso.","service":"user-service","timestamp":"2024-12-26 12:33:47"}
{"level":"info","message":"Tarefa finalizada","returnValue":"Processamento iniciado com sucesso.","service":"user-service","timestamp":"2024-12-26 12:33:48"}
{"level":"info","message":"Tarefa finalizada","returnValue":"Processados 46 itens com sucesso.","service":"user-service","timestamp":"2024-12-26 12:34:11"}
{"level":"info","message":"Tarefa finalizada","returnValue":"Processamento iniciado com sucesso.","service":"user-service","timestamp":"2024-12-26 12:34:50"}
{"level":"info","message":"Tarefa finalizada","returnValue":"Processamento iniciado com sucesso.","service":"user-service","timestamp":"2024-12-26 12:34:53"}
{"level":"info","message":"Tarefa finalizada","returnValue":"Processamento iniciado com sucesso.","service":"user-service","timestamp":"2024-12-26 12:39:18"}
{"level":"info","message":"Tarefa finalizada","returnValue":"Processamento iniciado com sucesso.","service":"user-service","timestamp":"2024-12-26 12:39:19"}
{"level":"info","message":"Tarefa finalizada","returnValue":"Processamento iniciado com sucesso.","service":"user-service","timestamp":"2024-12-26 12:39:52"}
{"level":"info","message":"Tarefa finalizada","returnValue":"Processamento iniciado com sucesso.","service":"user-service","timestamp":"2024-12-26 12:39:53"}
{"level":"info","message":"Tarefa finalizada","returnValue":"Processamento iniciado com sucesso.","service":"user-service","timestamp":"2024-12-26 12:41:03"}
{"level":"info","message":"Tarefa finalizada","returnValue":"Processamento iniciado com sucesso.","service":"user-service","timestamp":"2024-12-26 12:41:04"}
{"level":"info","message":"Tarefa finalizada","returnValue":"Processamento iniciado com sucesso.","service":"user-service","timestamp":"2024-12-26 12:41:23"}
{"level":"info","message":"Tarefa finalizada","returnValue":"Processamento iniciado com sucesso.","service":"user-service","timestamp":"2024-12-26 12:41:24"}
{"level":"info","message":"Tarefa finalizada","returnValue":"Processados 190 itens com sucesso.","service":"user-service","timestamp":"2024-12-26 12:41:31"}
{"level":"info","message":"Tarefa finalizada","returnValue":"Processados 397 itens com sucesso.","service":"user-service","timestamp":"2024-12-26 12:43:40"}
{"level":"info","message":"Tarefa finalizada","returnValue":"Processados 296 itens com sucesso.","service":"user-service","timestamp":"2024-12-26 12:45:30"}
{"level":"info","message":"Tarefa finalizada","returnValue":"Processados 19 itens com sucesso.","service":"user-service","timestamp":"2024-12-26 12:45:54"}
{"level":"info","message":"Tarefa finalizada","returnValue":"Processados 5 itens com sucesso.","service":"user-service","timestamp":"2024-12-26 12:46:01"}
{"level":"info","message":"Tarefa finalizada","returnValue":"Processamento iniciado com sucesso.","service":"user-service","timestamp":"2024-12-26 12:52:35"}
{"level":"info","message":"Tarefa finalizada","returnValue":"Processamento iniciado com sucesso.","service":"user-service","timestamp":"2024-12-26 12:52:36"}
{"level":"info","message":"Tarefa finalizada","returnValue":"Processados 5 itens com sucesso.","service":"user-service","timestamp":"2024-12-26 12:52:46"}
{"level":"info","message":"Tarefa finalizada","returnValue":"Processamento iniciado com sucesso.","service":"user-service","timestamp":"2024-12-26 12:52:50"}
{"level":"info","message":"Tarefa finalizada","returnValue":"Processamento iniciado com sucesso.","service":"user-service","timestamp":"2024-12-26 12:52:50"}
{"level":"info","message":"Tarefa finalizada","returnValue":"Processados 19 itens com sucesso.","service":"user-service","timestamp":"2024-12-26 12:53:14"}
{"level":"info","message":"Tarefa finalizada","returnValue":"Processados 35 itens com sucesso.","service":"user-service","timestamp":"2024-12-26 12:53:21"}
{"level":"info","message":"Tarefa finalizada","returnValue":"Processados 46 itens com sucesso.","service":"user-service","timestamp":"2024-12-26 12:54:09"}
{"level":"info","message":"Tarefa finalizada","returnValue":"Processamento iniciado com sucesso.","service":"user-service","timestamp":"2024-12-26 16:05:31"}
{"level":"info","message":"Tarefa finalizada","returnValue":"Processamento iniciado com sucesso.","service":"user-service","timestamp":"2024-12-26 16:05:31"}
{"level":"info","message":"Tarefa finalizada","returnValue":"Processados 19 itens com sucesso.","service":"user-service","timestamp":"2024-12-26 16:05:52"}
{"level":"info","message":"Tarefa finalizada","returnValue":"Processados 46 itens com sucesso.","service":"user-service","timestamp":"2024-12-26 16:06:04"}
{"level":"info","message":"Tarefa finalizada","returnValue":"Processamento iniciado com sucesso.","service":"user-service","timestamp":"2024-12-26 16:07:43"}
{"level":"info","message":"Tarefa finalizada","returnValue":"Processamento iniciado com sucesso.","service":"user-service","timestamp":"2024-12-26 16:07:43"}
{"level":"info","message":"Tarefa finalizada","returnValue":"Processados 19 itens com sucesso.","service":"user-service","timestamp":"2024-12-26 16:08:00"}
{"level":"info","message":"Tarefa finalizada","returnValue":"Processados 46 itens com sucesso.","service":"user-service","timestamp":"2024-12-26 16:08:14"}
{"level":"info","message":"Tarefa finalizada","returnValue":"Processamento iniciado com sucesso.","service":"user-service","timestamp":"2024-12-26 16:13:51"}
{"level":"info","message":"Tarefa finalizada","returnValue":"Processamento iniciado com sucesso.","service":"user-service","timestamp":"2024-12-26 16:13:51"}
{"level":"info","message":"Tarefa finalizada","returnValue":"Processados 20 itens com sucesso.","service":"user-service","timestamp":"2024-12-26 16:14:07"}
{"level":"info","message":"Tarefa finalizada","returnValue":"Processamento iniciado com sucesso.","service":"user-service","timestamp":"2024-12-26 16:14:13"}
{"level":"info","message":"Tarefa finalizada","returnValue":"Processados 42 itens com sucesso.","service":"user-service","timestamp":"2024-12-26 16:14:22"}
{"level":"info","message":"Tarefa finalizada","returnValue":"Processados 22 itens com sucesso.","service":"user-service","timestamp":"2024-12-26 16:14:36"}
{"level":"info","message":"Tarefa finalizada","returnValue":"Processados 52 itens com sucesso.","service":"user-service","timestamp":"2024-12-26 16:14:57"}
{"level":"info","message":"Tarefa finalizada","returnValue":"Processados 19 itens com sucesso.","service":"user-service","timestamp":"2024-12-26 16:15:03"}
{"level":"info","message":"Tarefa finalizada","returnValue":"Processados 19 itens com sucesso.","service":"user-service","timestamp":"2024-12-26 16:15:17"}
{"level":"info","message":"Tarefa finalizada","returnValue":"Processados 44 itens com sucesso.","service":"user-service","timestamp":"2024-12-26 16:15:30"}
{"level":"info","message":"Tarefa finalizada","returnValue":"Processados 19 itens com sucesso.","service":"user-service","timestamp":"2024-12-26 16:15:37"}
{"level":"info","message":"Tarefa finalizada","returnValue":"Processados 49 itens com sucesso.","service":"user-service","timestamp":"2024-12-26 16:16:07"}
{"level":"info","message":"Tarefa finalizada","returnValue":"Processados 24 itens com sucesso.","service":"user-service","timestamp":"2024-12-26 16:16:36"}
{"level":"info","message":"Tarefa finalizada","returnValue":"Processados 46 itens com sucesso.","service":"user-service","timestamp":"2024-12-26 16:16:36"}
{"level":"info","message":"Tarefa finalizada","returnValue":"Processados 54 itens com sucesso.","service":"user-service","timestamp":"2024-12-26 16:17:12"}
{"level":"info","message":"Tarefa finalizada","returnValue":"Processamento iniciado com sucesso.","service":"user-service","timestamp":"2024-12-26 16:17:50"}
{"level":"info","message":"Tarefa finalizada","returnValue":"Processamento iniciado com sucesso.","service":"user-service","timestamp":"2024-12-26 16:17:51"}
{"level":"info","message":"Tarefa finalizada","returnValue":"Processamento iniciado com sucesso.","service":"user-service","timestamp":"2024-12-26 16:17:51"}
{"level":"info","message":"Tarefa finalizada","returnValue":"Processamento iniciado com sucesso.","service":"user-service","timestamp":"2024-12-26 16:17:52"}
{"level":"info","message":"Tarefa finalizada","returnValue":"Processamento iniciado com sucesso.","service":"user-service","timestamp":"2024-12-26 16:18:59"}
{"level":"info","message":"Tarefa finalizada","returnValue":"Processamento iniciado com sucesso.","service":"user-service","timestamp":"2024-12-26 16:19:00"}
{"level":"info","message":"Tarefa finalizada","returnValue":"Processamento iniciado com sucesso.","service":"user-service","timestamp":"2024-12-26 16:19:00"}
{"error":"job stalled more than allowable limit","jobId":"17","level":"error","message":"Tarefa fracassada","service":"user-service","timestamp":"2024-12-26 16:21:57"}
{"error":"job stalled more than allowable limit","jobId":"20","level":"error","message":"Tarefa fracassada","service":"user-service","timestamp":"2024-12-26 16:23:02"}
{"level":"info","message":"Tarefa finalizada","returnValue":"Processados 24 itens com sucesso.","service":"user-service","timestamp":"2024-12-26 16:24:07"}
{"level":"info","message":"Tarefa finalizada","returnValue":"Processados 19 itens com sucesso.","service":"user-service","timestamp":"2024-12-26 16:24:21"}
{"level":"info","message":"Tarefa finalizada","returnValue":"Processados 54 itens com sucesso.","service":"user-service","timestamp":"2024-12-26 16:24:25"}
{"level":"info","message":"Tarefa finalizada","returnValue":"Processados 19 itens com sucesso.","service":"user-service","timestamp":"2024-12-26 16:24:33"}
{"level":"info","message":"Tarefa finalizada","returnValue":"Processados 19 itens com sucesso.","service":"user-service","timestamp":"2024-12-26 16:24:47"}
{"level":"info","message":"Tarefa finalizada","returnValue":"Processados 46 itens com sucesso.","service":"user-service","timestamp":"2024-12-26 16:25:03"}
{"level":"info","message":"Tarefa finalizada","returnValue":"Processados 22 itens com sucesso.","service":"user-service","timestamp":"2024-12-26 16:25:11"}
{"level":"info","message":"Tarefa finalizada","returnValue":"Processados 20 itens com sucesso.","service":"user-service","timestamp":"2024-12-26 16:25:34"}
{"level":"info","message":"Tarefa finalizada","returnValue":"Processados 49 itens com sucesso.","service":"user-service","timestamp":"2024-12-26 16:25:44"}
{"level":"info","message":"Tarefa finalizada","returnValue":"Processados 44 itens com sucesso.","service":"user-service","timestamp":"2024-12-26 16:26:14"}
{"level":"info","message":"Tarefa finalizada","returnValue":"Processados 52 itens com sucesso.","service":"user-service","timestamp":"2024-12-26 16:26:57"}
{"level":"info","message":"Tarefa finalizada","returnValue":"Processados 42 itens com sucesso.","service":"user-service","timestamp":"2024-12-26 16:27:29"}
