{"error":"Parâmetros ausentes: length ou idQueue","jobId":"3","level":"error","message":"Tarefa fracassada","service":"user-service","timestamp":"2024-12-24 11:55:03"}
{"error":"Parâmetros ausentes: length ou idQueue","jobId":"2","level":"error","message":"Tarefa fracassada","service":"user-service","timestamp":"2024-12-24 11:55:29"}
{"error":"empenhoValues is not defined","jobId":"2","level":"error","message":"Tarefa fracassada","service":"user-service","timestamp":"2024-12-24 12:04:56"}
{"error":"Queue.add is not a function","jobId":"3","level":"error","message":"Tarefa fracassada","service":"user-service","timestamp":"2024-12-24 12:05:13"}
{"error":"data.splice is not a function","jobId":"2","level":"error","message":"Tarefa fracassada","service":"user-service","timestamp":"2024-12-25 09:57:41"}
{"error":"data.splice is not a function","jobId":"1","level":"error","message":"Tarefa fracassada","service":"user-service","timestamp":"2024-12-25 09:57:57"}
{"error":"Cannot read properties of undefined (reading 'numeroEmpenho')","jobId":"3","level":"error","message":"Tarefa fracassada","service":"user-service","timestamp":"2024-12-25 09:58:29"}
{"error":"Cannot read properties of undefined (reading 'numeroEmpenho')","jobId":"4","level":"error","message":"Tarefa fracassada","service":"user-service","timestamp":"2024-12-25 09:59:05"}
{"error":"Cannot read properties of undefined (reading 'numeroEmpenho')","jobId":"5","level":"error","message":"Tarefa fracassada","service":"user-service","timestamp":"2024-12-25 09:59:56"}
{"error":"Cannot read properties of undefined (reading 'numeroEmpenho')","jobId":"6","level":"error","message":"Tarefa fracassada","service":"user-service","timestamp":"2024-12-25 10:00:56"}
{"error":"Cannot read properties of undefined (reading 'numeroEmpenho')","jobId":"7","level":"error","message":"Tarefa fracassada","service":"user-service","timestamp":"2024-12-25 10:01:44"}
{"error":"Cannot read properties of undefined (reading 'numeroEmpenho')","jobId":"8","level":"error","message":"Tarefa fracassada","service":"user-service","timestamp":"2024-12-25 10:02:23"}
{"error":"historico is not defined","jobId":"12","level":"error","message":"Tarefa fracassada","service":"user-service","timestamp":"2024-12-25 10:22:19"}
{"error":"job stalled more than allowable limit","jobId":"1","level":"error","message":"Tarefa fracassada","service":"user-service","timestamp":"2024-12-25 10:30:26"}
{"error":"job stalled more than allowable limit","jobId":"2","level":"error","message":"Tarefa fracassada","service":"user-service","timestamp":"2024-12-25 10:34:08"}
{"error":"Dynamic SQL Error, SQL error code = -104, Unexpected end of command- line -1153445872, column 32094","jobId":"4","level":"error","message":"Tarefa fracassada","service":"user-service","timestamp":"2024-12-25 11:12:12"}
{"error":"Cannot read properties of undefined (reading 'splice')","jobId":"1","level":"error","message":"Tarefa fracassada","service":"user-service","timestamp":"2024-12-25 16:40:33"}
{"error":"Cannot read properties of undefined (reading 'splice')","jobId":"1","level":"error","message":"Tarefa fracassada","service":"user-service","timestamp":"2024-12-25 16:43:50"}
{"error":"Cannot read properties of undefined (reading 'splice')","jobId":"1","level":"error","message":"Tarefa fracassada","service":"user-service","timestamp":"2024-12-25 16:45:21"}
{"error":"Cannot read properties of undefined (reading 'splice')","jobId":"1","level":"error","message":"Tarefa fracassada","service":"user-service","timestamp":"2024-12-25 16:47:24"}
{"error":"Cannot read properties of undefined (reading 'splice')","jobId":"1","level":"error","message":"Tarefa fracassada","service":"user-service","timestamp":"2024-12-25 16:48:29"}
{"error":"read ECONNRESET","level":"error","message":"Erro na fila","queue":"InsertItensEmpenho","service":"user-service","timestamp":"2024-12-26 10:18:52"}
{"error":"read ECONNRESET","level":"error","message":"Erro na fila","queue":"NewQueue","service":"user-service","timestamp":"2024-12-26 10:18:52"}
{"error":"read ECONNRESET","level":"error","message":"Erro na fila","queue":"InsertItensRetencao","service":"user-service","timestamp":"2024-12-26 10:18:52"}
{"error":"read ECONNRESET","level":"error","message":"Erro na fila","queue":"NewQueue","service":"user-service","timestamp":"2024-12-26 10:18:53"}
{"error":"connect ETIMEDOUT","level":"error","message":"Erro na fila","queue":"InsertItensEmpenho","service":"user-service","timestamp":"2024-12-26 10:19:02"}
{"error":"connect ETIMEDOUT","level":"error","message":"Erro na fila","queue":"NewQueue","service":"user-service","timestamp":"2024-12-26 10:19:02"}
{"error":"connect ETIMEDOUT","level":"error","message":"Erro na fila","queue":"InsertItensRetencao","service":"user-service","timestamp":"2024-12-26 10:19:02"}
{"error":"connect ETIMEDOUT","level":"error","message":"Erro na fila","queue":"NewQueue","service":"user-service","timestamp":"2024-12-26 10:19:03"}
{"error":"read ECONNRESET","level":"error","message":"Erro na fila","queue":"NewQueue","service":"user-service","timestamp":"2024-12-26 10:25:22"}
{"error":"read ECONNRESET","level":"error","message":"Erro na fila","queue":"InsertItensEmpenho","service":"user-service","timestamp":"2024-12-26 10:25:25"}
{"error":"read ECONNRESET","level":"error","message":"Erro na fila","queue":"NewQueue","service":"user-service","timestamp":"2024-12-26 10:25:25"}
{"error":"read ECONNRESET","level":"error","message":"Erro na fila","queue":"InsertItensRetencao","service":"user-service","timestamp":"2024-12-26 10:25:25"}
{"error":"connect ETIMEDOUT","level":"error","message":"Erro na fila","queue":"NewQueue","service":"user-service","timestamp":"2024-12-26 10:25:32"}
{"error":"connect ETIMEDOUT","level":"error","message":"Erro na fila","queue":"InsertItensEmpenho","service":"user-service","timestamp":"2024-12-26 10:25:35"}
{"error":"connect ETIMEDOUT","level":"error","message":"Erro na fila","queue":"NewQueue","service":"user-service","timestamp":"2024-12-26 10:25:35"}
{"error":"connect ETIMEDOUT","level":"error","message":"Erro na fila","queue":"InsertItensRetencao","service":"user-service","timestamp":"2024-12-26 10:25:35"}
{"error":"connect ETIMEDOUT","level":"error","message":"Erro na fila","queue":"NewQueue","service":"user-service","timestamp":"2024-12-26 10:25:43"}
{"error":"Missing lock for job 1 failed","level":"error","message":"Erro na fila","queue":"InsertItensRetencao","service":"user-service","timestamp":"2024-12-26 10:26:15"}
{"error":"Deadlock, Update conflicts with concurrent update, Concurrent transaction number is 17687","jobId":"1","level":"error","message":"Tarefa fracassada","service":"user-service","timestamp":"2024-12-26 11:00:11"}
{"error":"Promise timed out after 1000 milliseconds","jobId":"4","level":"error","message":"Tarefa fracassada","service":"user-service","timestamp":"2024-12-26 11:43:46"}
{"error":"Promise timed out after 1000 milliseconds","jobId":"4","level":"error","message":"Tarefa fracassada","service":"user-service","timestamp":"2024-12-26 11:43:48"}
{"error":"Promise timed out after 1000 milliseconds","jobId":"4","level":"error","message":"Tarefa fracassada","service":"user-service","timestamp":"2024-12-26 11:43:50"}
{"error":"Promise timed out after 1000 milliseconds","jobId":"4","level":"error","message":"Tarefa fracassada","service":"user-service","timestamp":"2024-12-26 11:43:50"}
{"error":"Promise timed out after 1000 milliseconds","jobId":"4","level":"error","message":"Tarefa fracassada","service":"user-service","timestamp":"2024-12-26 11:43:51"}
{"error":"Promise timed out after 1000 milliseconds","jobId":"4","level":"error","message":"Tarefa fracassada","service":"user-service","timestamp":"2024-12-26 11:43:52"}
{"error":"Promise timed out after 1000 milliseconds","jobId":"4","level":"error","message":"Tarefa fracassada","service":"user-service","timestamp":"2024-12-26 11:43:53"}
{"error":"Promise timed out after 1000 milliseconds","jobId":"4","level":"error","message":"Tarefa fracassada","service":"user-service","timestamp":"2024-12-26 11:43:54"}
{"error":"Promise timed out after 1000 milliseconds","jobId":"4","level":"error","message":"Tarefa fracassada","service":"user-service","timestamp":"2024-12-26 11:43:55"}
{"error":"job stalled more than allowable limit","jobId":"17","level":"error","message":"Tarefa fracassada","service":"user-service","timestamp":"2024-12-26 16:21:57"}
{"error":"job stalled more than allowable limit","jobId":"20","level":"error","message":"Tarefa fracassada","service":"user-service","timestamp":"2024-12-26 16:23:02"}
